2025-07-24 05:22:13 - [INFO] Method: POST | Path: /uploads | Boundary: --------------------------qwFsKcyAtjJB2avHWwHKyt | Body Length: 199 | Body: --------------------------qwFsKcyAtjJB2avHWwHKyt
Content-Disposition: form-data; name="file1"; filename="2.txt"
Content-Type: text/plain

bbb
--------------------------qwFsKcyAtjJB2avHWwHKyt--
 | Status: 400 Bad Request
2025-07-24 05:26:18 - [INFO] Method: GET | Path: / | Status: 200 OK
2025-07-24 05:26:30 - [INFO] Method: POST | Path: /uploads | Boundary: ------------------------Mv462A34F7gIiNDcktpXr9 | Body Length: 199 | Body: --------------------------Mv462A34F7gIiNDcktpXr9
Content-Disposition: form-data; name="file1"; filename="2.txt"
Content-Type: text/plain

bbb
--------------------------Mv462A34F7gIiNDcktpXr9--
 | Status: 200 OK
2025-07-24 05:27:11 - [INFO] Method: POST | Path: /uploads | Boundary: ------------------------IBeZdoQRXqBPNpOXjUvNdM | Body Length: 156 | Body: --------------------------IBeZdoQRXqBPNpOXjUvNdM
Content-Disposition: form-data; name="file1"; filename="highdeal.png"
Content-Type: image/png

‰PNG

 | Status: 400 Bad Request
2025-07-24 05:27:18 - [INFO] Method: POST | Path: /uploads | Boundary: ------------------------eAv8Qn03iKzuUdsK8nyo1D | Body Length: 156 | Body: --------------------------eAv8Qn03iKzuUdsK8nyo1D
Content-Disposition: form-data; name="file1"; filename="highdeal.png"
Content-Type: image/png

‰PNG

 | Status: 400 Bad Request
2025-07-24 05:28:07 - [INFO] Method: POST | Path: /uploads | Boundary: ------------------------uFwqvwyvWxRrJ2HjEBeJGh | Body Length: 289 | Body: --------------------------uFwqvwyvWxRrJ2HjEBeJGh
Content-Disposition: form-data; name="file1"; filename="3.txt"
Content-Type: text/plain

bbb
--------------------------uFwqvwyvWxRrJ2HjEBeJGh
Content-Disposition: form-data; name="file2"; filename="1.txt"
Content-Type: text/plain

 | Status: 200 OK
2025-07-24 05:28:34 - [INFO] Method: POST | Path: /uploads | Boundary: ------------------------5dQHQPb8Netpyv6sqaR5pm | Body Length: 550 | Body: --------------------------5dQHQPb8Netpyv6sqaR5pm
Content-Disposition: form-data; name="file1"; filename="1.txt"
Content-Type: text/plain

aaadjaljflsdajflsdhfbsdsdcksdbcjaaadjaljflsdajflsdhfbsdsdcksdbcjaaadjaljflsdajflsdhfbsdsdcksdbcjaaadjaljflsdajflsdhfbsdsdcksdbcjaaadjaljflsdajflsdhfbsdsdcksdbcjaaadjaljflsdajflsdhfbsdsdcksdbcjaaadjaljflsdajflsdhfbsdsdcksdbcjaaadjaljflsdajflsdhfbsdsdcksdbcj
aaadjaljflsdajflsdhfbsdsdcksdbcjaaadjaljflsdajflsdhfbsdsdcksdbcjaaadjaljflsdajflsdhfbsdsdcksdbcj
--------------------------5dQHQPb8Netpyv6sqaR5pm--
 | Status: 200 OK
2025-07-24 05:29:19 - [INFO] Method: POST | Path: /uploads | Boundary: ------------------------cIHl8sR8s5PvnHFNJFT3lW | Body Length: 549 | Body: --------------------------cIHl8sR8s5PvnHFNJFT3lW
Content-Disposition: form-data; name="file"; filename="1.txt"
Content-Type: text/plain

aaadjaljflsdajflsdhfbsdsdcksdbcjaaadjaljflsdajflsdhfbsdsdcksdbcjaaadjaljflsdajflsdhfbsdsdcksdbcjaaadjaljflsdajflsdhfbsdsdcksdbcjaaadjaljflsdajflsdhfbsdsdcksdbcjaaadjaljflsdajflsdhfbsdsdcksdbcjaaadjaljflsdajflsdhfbsdsdcksdbcjaaadjaljflsdajflsdhfbsdsdcksdbcj
aaadjaljflsdajflsdhfbsdsdcksdbcjaaadjaljflsdajflsdhfbsdsdcksdbcjaaadjaljflsdajflsdhfbsdsdcksdbcj
--------------------------cIHl8sR8s5PvnHFNJFT3lW--
 | Status: 200 OK
2025-07-24 05:32:30 - [INFO] Method: POST | Path: /uploads | Boundary: ------------------------w8rrSDFaRaHScmPPjtdu2i | Body Length: 163 | Body: --------------------------w8rrSDFaRaHScmPPjtdu2i
Content-Disposition: form-data; name="file"

highdeal.png
--------------------------w8rrSDFaRaHScmPPjtdu2i--
 | Status: 400 Bad Request
2025-07-24 05:38:17 - [INFO] Method: POST | Path: /uploads | Boundary: ------------------------Bbi3og0bzDNy2HNzZ8fHCJ | Body Length: 163 | Body: --------------------------Bbi3og0bzDNy2HNzZ8fHCJ
Content-Disposition: form-data; name="file"

highdeal.png
--------------------------Bbi3og0bzDNy2HNzZ8fHCJ--
 | Status: 400 Bad Request
2025-07-24 05:38:23 - [INFO] Method: POST | Path: /uploads | Boundary: ------------------------JJy40U8pUMsa3A6jEKzdv6 | Body Length: 163 | Body: --------------------------JJy40U8pUMsa3A6jEKzdv6
Content-Disposition: form-data; name="file"

highdeal.png
--------------------------JJy40U8pUMsa3A6jEKzdv6--
 | Status: 400 Bad Request
2025-07-24 05:38:31 - [INFO] Method: POST | Path: /uploads | Boundary: ------------------------B1C2NORNaraxLvGGkQ6ytr | Body Length: 155 | Body: --------------------------B1C2NORNaraxLvGGkQ6ytr
Content-Disposition: form-data; name="file"; filename="highdeal.png"
Content-Type: image/png

‰PNG

 | Status: 400 Bad Request
2025-07-24 05:38:36 - [INFO] Method: POST | Path: /uploads | Boundary: ------------------------s15zi5HzdmUM6qxVpoRSqB | Body Length: 549 | Body: --------------------------s15zi5HzdmUM6qxVpoRSqB
Content-Disposition: form-data; name="file"; filename="1.txt"
Content-Type: text/plain

aaadjaljflsdajflsdhfbsdsdcksdbcjaaadjaljflsdajflsdhfbsdsdcksdbcjaaadjaljflsdajflsdhfbsdsdcksdbcjaaadjaljflsdajflsdhfbsdsdcksdbcjaaadjaljflsdajflsdhfbsdsdcksdbcjaaadjaljflsdajflsdhfbsdsdcksdbcjaaadjaljflsdajflsdhfbsdsdcksdbcjaaadjaljflsdajflsdhfbsdsdcksdbcj
aaadjaljflsdajflsdhfbsdsdcksdbcjaaadjaljflsdajflsdhfbsdsdcksdbcjaaadjaljflsdajflsdhfbsdsdcksdbcj
--------------------------s15zi5HzdmUM6qxVpoRSqB--
 | Status: 200 OK
2025-07-24 05:38:51 - [INFO] Method: POST | Path: /uploads | Boundary: ------------------------KMjA6q6cTFwg1g9R63Ci9S | Body Length: 549 | Body: --------------------------KMjA6q6cTFwg1g9R63Ci9S
Content-Disposition: form-data; name="file"; filename="1.txt"
Content-Type: text/plain

aaadjaljflsdajflsdhfbsdsdcksdbcjaaadjaljflsdajflsdhfbsdsdcksdbcjaaadjaljflsdajflsdhfbsdsdcksdbcjaaadjaljflsdajflsdhfbsdsdcksdbcjaaadjaljflsdajflsdhfbsdsdcksdbcjaaadjaljflsdajflsdhfbsdsdcksdbcjaaadjaljflsdajflsdhfbsdsdcksdbcjaaadjaljflsdajflsdhfbsdsdcksdbcj
aaadjaljflsdajflsdhfbsdsdcksdbcjaaadjaljflsdajflsdhfbsdsdcksdbcjaaadjaljflsdajflsdhfbsdsdcksdbcj
--------------------------KMjA6q6cTFwg1g9R63Ci9S--
 | Status: 200 OK
2025-07-24 05:43:42 - [INFO] Method: POST | Path: /uploads | Boundary: ------------------------LaGMg1hkyhzZtKFwRC4ADL | Body Length: 155 | Body: --------------------------LaGMg1hkyhzZtKFwRC4ADL
Content-Disposition: form-data; name="file"; filename="highdeal.png"
Content-Type: image/png

‰PNG

 | Status: 400 Bad Request
2025-07-24 05:45:03 - [INFO] Method: POST | Path: /uploads | Boundary: ------------------------vayqlQ5kHS2SUcqnYtLbhB | Body Length: 149 | Body: --------------------------vayqlQ5kHS2SUcqnYtLbhB
Content-Disposition: form-data; name="file"; filename="demo.jpeg"
Content-Type: image/jpeg

ÿØÿà | Status: 400 Bad Request
2025-07-24 05:55:45 - [INFO] Method: GET | Path: /index.html | Status: 200 OK
2025-07-24 05:55:45 - [INFO] Method: GET | Path: /favicon.ico | Status: 404 Not Found
2025-07-24 05:55:57 - [INFO] Method: POST | Path: /uploads | Boundary: ----WebKitFormBoundaryQlRuOhhPjjvBiXRD | Body Length: 141 | Body: ------WebKitFormBoundaryQlRuOhhPjjvBiXRD
Content-Disposition: form-data; name="file"; filename="demo.jpeg"
Content-Type: image/jpeg

ÿØÿà | Status: 400 Bad Request
2025-07-24 05:57:19 - [INFO] Method: POST | Path: /uploads | Boundary: ----WebKitFormBoundaryIhbhusscAIPTv5ss | Body Length: 533 | Body: ------WebKitFormBoundaryIhbhusscAIPTv5ss
Content-Disposition: form-data; name="file"; filename="1.txt"
Content-Type: text/plain

aaadjaljflsdajflsdhfbsdsdcksdbcjaaadjaljflsdajflsdhfbsdsdcksdbcjaaadjaljflsdajflsdhfbsdsdcksdbcjaaadjaljflsdajflsdhfbsdsdcksdbcjaaadjaljflsdajflsdhfbsdsdcksdbcjaaadjaljflsdajflsdhfbsdsdcksdbcjaaadjaljflsdajflsdhfbsdsdcksdbcjaaadjaljflsdajflsdhfbsdsdcksdbcj
aaadjaljflsdajflsdhfbsdsdcksdbcjaaadjaljflsdajflsdhfbsdsdcksdbcjaaadjaljflsdajflsdhfbsdsdcksdbcj
------WebKitFormBoundaryIhbhusscAIPTv5ss--
 | Status: 200 OK
2025-07-24 05:57:39 - [INFO] Method: POST | Path: /uploads | Boundary: ----WebKitFormBoundaryIhbhusscAIPTv5ss | Body Length: 533 | Body: ------WebKitFormBoundaryIhbhusscAIPTv5ss
Content-Disposition: form-data; name="file"; filename="1.txt"
Content-Type: text/plain

aaadjaljflsdajflsdhfbsdsdcksdbcjaaadjaljflsdajflsdhfbsdsdcksdbcjaaadjaljflsdajflsdhfbsdsdcksdbcjaaadjaljflsdajflsdhfbsdsdcksdbcjaaadjaljflsdajflsdhfbsdsdcksdbcjaaadjaljflsdajflsdhfbsdsdcksdbcjaaadjaljflsdajflsdhfbsdsdcksdbcjaaadjaljflsdajflsdhfbsdsdcksdbcj
aaadjaljflsdajflsdhfbsdsdcksdbcjaaadjaljflsdajflsdhfbsdsdcksdbcjaaadjaljflsdajflsdhfbsdsdcksdbcj
------WebKitFormBoundaryIhbhusscAIPTv5ss--
 | Status: 200 OK
2025-07-24 06:02:39 - [INFO] Method: POST | Path: /uploads | Boundary: ----WebKitFormBoundaryVgFbYN4STApeJGLz | Body Length: 147 | Body: ------WebKitFormBoundaryVgFbYN4STApeJGLz
Content-Disposition: form-data; name="file"; filename="highdeal.png"
Content-Type: image/png

‰PNG

 | Status: 400 Bad Request
2025-07-24 06:08:33 - [INFO] Method: GET | Path: /index.html | Status: 200 OK
2025-07-24 06:10:16 - [INFO] Method: POST | Path: /uploads | Boundary: ----WebKitFormBoundaryfJU2dAhXTOcrYkqH | Body Length: 3420 | Body: ------WebKitFormBoundaryfJU2dAhXTOcrYkqH
Content-Disposition: form-data; name="file"; filename="lorem.txt"
Content-Type: text/plain

Lorem ipsum dolor sit amet consectetur adipiscing elit. Quisque faucibus ex sapien vitae pellentesque sem placerat. In id cursus mi pretium tellus duis convallis. Tempus leo eu aenean sed diam urna tempor. Pulvinar vivamus fringilla lacus nec metus bibendum egestas. Iaculis massa nisl malesuada lacinia integer nunc posuere. Ut hendrerit semper vel class aptent taciti sociosqu. Ad litora torquent per conubia nostra inceptos himenaeos.

Lorem ipsum dolor sit amet consectetur adipiscing elit. Quisque faucibus ex sapien vitae pellentesque sem placerat. In id cursus mi pretium tellus duis convallis. Tempus leo eu aenean sed diam urna tempor. Pulvinar vivamus fringilla lacus nec metus bibendum egestas. Iaculis massa nisl malesuada lacinia integer nunc posuere. Ut hendrerit semper vel class aptent taciti sociosqu. Ad litora torquent per conubia nostra inceptos himenaeos.

Lorem ipsum dolor sit amet consectetur adipiscing elit. Quisque faucibus ex sapien vitae pellentesque sem placerat. In id cursus mi pretium tellus duis convallis. Tempus leo eu aenean sed diam urna tempor. Pulvinar vivamus fringilla lacus nec metus bibendum egestas. Iaculis massa nisl malesuada lacinia integer nunc posuere. Ut hendrerit semper vel class aptent taciti sociosqu. Ad litora torquent per conubia nostra inceptos himenaeos.

Lorem ipsum dolor sit amet consectetur adipiscing elit. Quisque faucibus ex sapien vitae pellentesque sem placerat. In id cursus mi pretium tellus duis convallis. Tempus leo eu aenean sed diam urna tempor. Pulvinar vivamus fringilla lacus nec metus bibendum egestas. Iaculis massa nisl malesuada lacinia integer nunc posuere. Ut hendrerit semper vel class aptent taciti sociosqu. Ad litora torquent per conubia nostra inceptos himenaeos.

Lorem ipsum dolor sit amet consectetur adipiscing elit. Quisque faucibus ex sapien vitae pellentesque sem placerat. In id cursus mi pretium tellus duis convallis. Tempus leo eu aenean sed diam urna tempor. Pulvinar vivamus fringilla lacus nec metus bibendum egestas. Iaculis massa nisl malesuada lacinia integer nunc posuere. Ut hendrerit semper vel class aptent taciti sociosqu. Ad litora torquent per conubia nostra inceptos himenaeos.

Lorem ipsum dolor sit amet consectetur adipiscing elit. Quisque faucibus ex sapien vitae pellentesque sem placerat. In id cursus mi pretium tellus duis convallis. Tempus leo eu aenean sed diam urna tempor. Pulvinar vivamus fringilla lacus nec metus bibendum egestas. Iaculis massa nisl malesuada lacinia integer nunc posuere. Ut hendrerit semper vel class aptent taciti sociosqu. Ad litora torquent per conubia nostra inceptos himenaeos.

Lorem ipsum dolor sit amet consectetur adipiscing elit. Quisque faucibus ex sapien vitae pellentesque sem placerat. In id cursus mi pretium tellus duis convallis. Tempus leo eu aenean sed diam urna tempor. Pulvinar vivamus fringilla lacus nec metus bibendum egestas. Iaculis massa nisl malesuada lacinia integer nunc posuere. Ut hendrerit semper vel class aptent taciti sociosqu. Ad litora torquent per conubia nostra inceptos himenaeos.

Lorem ipsum dolor sit amet consectetur adipiscing elit. Quisque faucibus ex sapien vitae pellentesque sem placerat. In id cursus mi pretium tellus duis convallis. Tempus leo eu aenean sed diam urn | Status: 400 Bad Request
2025-07-24 06:10:38 - [INFO] Method: GET | Path: /index.html | Status: 200 OK
2025-07-24 06:10:49 - [INFO] Method: POST | Path: /uploads | Boundary: ----WebKitFormBoundaryiBDvWHbdLe3CxgaS | Body Length: 0 | Status: 400 Bad Request
2025-07-24 06:11:02 - [INFO] Method: POST | Path: /uploads | Boundary: ----WebKitFormBoundarygrUinsuBEMSDvq6y | Body Length: 1506 | Body: ------WebKitFormBoundarygrUinsuBEMSDvq6y
Content-Disposition: form-data; name="file"; filename="lorem.txt"
Content-Type: text/plain

Lorem ipsum dolor sit amet consectetur adipiscing elit. Quisque faucibus ex sapien vitae pellentesque sem placerat. In id cursus mi pretium tellus duis convallis. Tempus leo eu aenean sed diam urna tempor. Pulvinar vivamus fringilla lacus nec metus bibendum egestas. Iaculis massa nisl malesuada lacinia integer nunc posuere. Ut hendrerit semper vel class aptent taciti sociosqu. Ad litora torquent per conubia nostra inceptos himenaeos.

Lorem ipsum dolor sit amet consectetur adipiscing elit. Quisque faucibus ex sapien vitae pellentesque sem placerat. In id cursus mi pretium tellus duis convallis. Tempus leo eu aenean sed diam urna tempor. Pulvinar vivamus fringilla lacus nec metus bibendum egestas. Iaculis massa nisl malesuada lacinia integer nunc posuere. Ut hendrerit semper vel class aptent taciti sociosqu. Ad litora torquent per conubia nostra inceptos himenaeos.

Lorem ipsum dolor sit amet consectetur adipiscing elit. Quisque faucibus ex sapien vitae pellentesque sem placerat. In id cursus mi pretium tellus duis convallis. Tempus leo eu aenean sed diam urna tempor. Pulvinar vivamus fringilla lacus nec metus bibendum egestas. Iaculis massa nisl malesuada lacinia integer nunc posuere. Ut hendrerit semper vel class aptent taciti sociosqu. Ad litora torquent per conubia nostra inceptos himenaeos.


------WebKitFormBoundarygrUinsuBEMSDvq6y--
 | Status: 200 OK
2025-07-24 06:11:52 - [INFO] Method: POST | Path: /uploads | Boundary: ----WebKitFormBoundarybPyOPUq8U5FciLJs | Body Length: 0 | Status: 400 Bad Request
2025-07-24 06:11:55 - [INFO] Method: POST | Path: /uploads | Boundary: ----WebKitFormBoundarybPyOPUq8U5FciLJs | Body Length: 3420 | Body: ------WebKitFormBoundarybPyOPUq8U5FciLJs
Content-Disposition: form-data; name="file"; filename="lorem1.txt"
Content-Type: text/plain

Lorem ipsum dolor sit amet consectetur adipiscing elit. Quisque faucibus ex sapien vitae pellentesque sem placerat. In id cursus mi pretium tellus duis convallis. Tempus leo eu aenean sed diam urna tempor. Pulvinar vivamus fringilla lacus nec metus bibendum egestas. Iaculis massa nisl malesuada lacinia integer nunc posuere. Ut hendrerit semper vel class aptent taciti sociosqu. Ad litora torquent per conubia nostra inceptos himenaeos.

Lorem ipsum dolor sit amet consectetur adipiscing elit. Quisque faucibus ex sapien vitae pellentesque sem placerat. In id cursus mi pretium tellus duis convallis. Tempus leo eu aenean sed diam urna tempor. Pulvinar vivamus fringilla lacus nec metus bibendum egestas. Iaculis massa nisl malesuada lacinia integer nunc posuere. Ut hendrerit semper vel class aptent taciti sociosqu. Ad litora torquent per conubia nostra inceptos himenaeos.

Lorem ipsum dolor sit amet consectetur adipiscing elit. Quisque faucibus ex sapien vitae pellentesque sem placerat. In id cursus mi pretium tellus duis convallis. Tempus leo eu aenean sed diam urna tempor. Pulvinar vivamus fringilla lacus nec metus bibendum egestas. Iaculis massa nisl malesuada lacinia integer nunc posuere. Ut hendrerit semper vel class aptent taciti sociosqu. Ad litora torquent per conubia nostra inceptos himenaeos.

Lorem ipsum dolor sit amet consectetur adipiscing elit. Quisque faucibus ex sapien vitae pellentesque sem placerat. In id cursus mi pretium tellus duis convallis. Tempus leo eu aenean sed diam urna tempor. Pulvinar vivamus fringilla lacus nec metus bibendum egestas. Iaculis massa nisl malesuada lacinia integer nunc posuere. Ut hendrerit semper vel class aptent taciti sociosqu. Ad litora torquent per conubia nostra inceptos himenaeos.

Lorem ipsum dolor sit amet consectetur adipiscing elit. Quisque faucibus ex sapien vitae pellentesque sem placerat. In id cursus mi pretium tellus duis convallis. Tempus leo eu aenean sed diam urna tempor. Pulvinar vivamus fringilla lacus nec metus bibendum egestas. Iaculis massa nisl malesuada lacinia integer nunc posuere. Ut hendrerit semper vel class aptent taciti sociosqu. Ad litora torquent per conubia nostra inceptos himenaeos.

Lorem ipsum dolor sit amet consectetur adipiscing elit. Quisque faucibus ex sapien vitae pellentesque sem placerat. In id cursus mi pretium tellus duis convallis. Tempus leo eu aenean sed diam urna tempor. Pulvinar vivamus fringilla lacus nec metus bibendum egestas. Iaculis massa nisl malesuada lacinia integer nunc posuere. Ut hendrerit semper vel class aptent taciti sociosqu. Ad litora torquent per conubia nostra inceptos himenaeos.

Lorem ipsum dolor sit amet consectetur adipiscing elit. Quisque faucibus ex sapien vitae pellentesque sem placerat. In id cursus mi pretium tellus duis convallis. Tempus leo eu aenean sed diam urna tempor. Pulvinar vivamus fringilla lacus nec metus bibendum egestas. Iaculis massa nisl malesuada lacinia integer nunc posuere. Ut hendrerit semper vel class aptent taciti sociosqu. Ad litora torquent per conubia nostra inceptos himenaeos.

Lorem ipsum dolor sit amet consectetur adipiscing elit. Quisque faucibus ex sapien vitae pellentesque sem placerat. In id cursus mi pretium tellus duis convallis. Tempus leo eu aenean sed diam ur | Status: 400 Bad Request
2025-07-24 06:11:59 - [INFO] Method: POST | Path: /uploads | Boundary: ----WebKitFormBoundarybPyOPUq8U5FciLJs | Body Length: 3420 | Body: ------WebKitFormBoundarybPyOPUq8U5FciLJs
Content-Disposition: form-data; name="file"; filename="lorem1.txt"
Content-Type: text/plain

Lorem ipsum dolor sit amet consectetur adipiscing elit. Quisque faucibus ex sapien vitae pellentesque sem placerat. In id cursus mi pretium tellus duis convallis. Tempus leo eu aenean sed diam urna tempor. Pulvinar vivamus fringilla lacus nec metus bibendum egestas. Iaculis massa nisl malesuada lacinia integer nunc posuere. Ut hendrerit semper vel class aptent taciti sociosqu. Ad litora torquent per conubia nostra inceptos himenaeos.

Lorem ipsum dolor sit amet consectetur adipiscing elit. Quisque faucibus ex sapien vitae pellentesque sem placerat. In id cursus mi pretium tellus duis convallis. Tempus leo eu aenean sed diam urna tempor. Pulvinar vivamus fringilla lacus nec metus bibendum egestas. Iaculis massa nisl malesuada lacinia integer nunc posuere. Ut hendrerit semper vel class aptent taciti sociosqu. Ad litora torquent per conubia nostra inceptos himenaeos.

Lorem ipsum dolor sit amet consectetur adipiscing elit. Quisque faucibus ex sapien vitae pellentesque sem placerat. In id cursus mi pretium tellus duis convallis. Tempus leo eu aenean sed diam urna tempor. Pulvinar vivamus fringilla lacus nec metus bibendum egestas. Iaculis massa nisl malesuada lacinia integer nunc posuere. Ut hendrerit semper vel class aptent taciti sociosqu. Ad litora torquent per conubia nostra inceptos himenaeos.

Lorem ipsum dolor sit amet consectetur adipiscing elit. Quisque faucibus ex sapien vitae pellentesque sem placerat. In id cursus mi pretium tellus duis convallis. Tempus leo eu aenean sed diam urna tempor. Pulvinar vivamus fringilla lacus nec metus bibendum egestas. Iaculis massa nisl malesuada lacinia integer nunc posuere. Ut hendrerit semper vel class aptent taciti sociosqu. Ad litora torquent per conubia nostra inceptos himenaeos.

Lorem ipsum dolor sit amet consectetur adipiscing elit. Quisque faucibus ex sapien vitae pellentesque sem placerat. In id cursus mi pretium tellus duis convallis. Tempus leo eu aenean sed diam urna tempor. Pulvinar vivamus fringilla lacus nec metus bibendum egestas. Iaculis massa nisl malesuada lacinia integer nunc posuere. Ut hendrerit semper vel class aptent taciti sociosqu. Ad litora torquent per conubia nostra inceptos himenaeos.

Lorem ipsum dolor sit amet consectetur adipiscing elit. Quisque faucibus ex sapien vitae pellentesque sem placerat. In id cursus mi pretium tellus duis convallis. Tempus leo eu aenean sed diam urna tempor. Pulvinar vivamus fringilla lacus nec metus bibendum egestas. Iaculis massa nisl malesuada lacinia integer nunc posuere. Ut hendrerit semper vel class aptent taciti sociosqu. Ad litora torquent per conubia nostra inceptos himenaeos.

Lorem ipsum dolor sit amet consectetur adipiscing elit. Quisque faucibus ex sapien vitae pellentesque sem placerat. In id cursus mi pretium tellus duis convallis. Tempus leo eu aenean sed diam urna tempor. Pulvinar vivamus fringilla lacus nec metus bibendum egestas. Iaculis massa nisl malesuada lacinia integer nunc posuere. Ut hendrerit semper vel class aptent taciti sociosqu. Ad litora torquent per conubia nostra inceptos himenaeos.

Lorem ipsum dolor sit amet consectetur adipiscing elit. Quisque faucibus ex sapien vitae pellentesque sem placerat. In id cursus mi pretium tellus duis convallis. Tempus leo eu aenean sed diam ur | Status: 400 Bad Request
2025-07-24 06:12:05 - [INFO] Method: POST | Path: /uploads | Boundary: ----WebKitFormBoundary4p3BSEjwwc26d30P | Body Length: 0 | Status: 400 Bad Request
2025-07-24 06:12:27 - [INFO] Method: POST | Path: /uploads | Boundary: ------------------------t5DFwKrZ2XzM5D75yZxwLo | Body Length: 3895 | Body: --------------------------t5DFwKrZ2XzM5D75yZxwLo
Content-Disposition: form-data; name="file"; filename="lorem1.txt"
Content-Type: text/plain

Lorem ipsum dolor sit amet consectetur adipiscing elit. Quisque faucibus ex sapien vitae pellentesque sem placerat. In id cursus mi pretium tellus duis convallis. Tempus leo eu aenean sed diam urna tempor. Pulvinar vivamus fringilla lacus nec metus bibendum egestas. Iaculis massa nisl malesuada lacinia integer nunc posuere. Ut hendrerit semper vel class aptent taciti sociosqu. Ad litora torquent per conubia nostra inceptos himenaeos.

Lorem ipsum dolor sit amet consectetur adipiscing elit. Quisque faucibus ex sapien vitae pellentesque sem placerat. In id cursus mi pretium tellus duis convallis. Tempus leo eu aenean sed diam urna tempor. Pulvinar vivamus fringilla lacus nec metus bibendum egestas. Iaculis massa nisl malesuada lacinia integer nunc posuere. Ut hendrerit semper vel class aptent taciti sociosqu. Ad litora torquent per conubia nostra inceptos himenaeos.

Lorem ipsum dolor sit amet consectetur adipiscing elit. Quisque faucibus ex sapien vitae pellentesque sem placerat. In id cursus mi pretium tellus duis convallis. Tempus leo eu aenean sed diam urna tempor. Pulvinar vivamus fringilla lacus nec metus bibendum egestas. Iaculis massa nisl malesuada lacinia integer nunc posuere. Ut hendrerit semper vel class aptent taciti sociosqu. Ad litora torquent per conubia nostra inceptos himenaeos.

Lorem ipsum dolor sit amet consectetur adipiscing elit. Quisque faucibus ex sapien vitae pellentesque sem placerat. In id cursus mi pretium tellus duis convallis. Tempus leo eu aenean sed diam urna tempor. Pulvinar vivamus fringilla lacus nec metus bibendum egestas. Iaculis massa nisl malesuada lacinia integer nunc posuere. Ut hendrerit semper vel class aptent taciti sociosqu. Ad litora torquent per conubia nostra inceptos himenaeos.

Lorem ipsum dolor sit amet consectetur adipiscing elit. Quisque faucibus ex sapien vitae pellentesque sem placerat. In id cursus mi pretium tellus duis convallis. Tempus leo eu aenean sed diam urna tempor. Pulvinar vivamus fringilla lacus nec metus bibendum egestas. Iaculis massa nisl malesuada lacinia integer nunc posuere. Ut hendrerit semper vel class aptent taciti sociosqu. Ad litora torquent per conubia nostra inceptos himenaeos.

Lorem ipsum dolor sit amet consectetur adipiscing elit. Quisque faucibus ex sapien vitae pellentesque sem placerat. In id cursus mi pretium tellus duis convallis. Tempus leo eu aenean sed diam urna tempor. Pulvinar vivamus fringilla lacus nec metus bibendum egestas. Iaculis massa nisl malesuada lacinia integer nunc posuere. Ut hendrerit semper vel class aptent taciti sociosqu. Ad litora torquent per conubia nostra inceptos himenaeos.

Lorem ipsum dolor sit amet consectetur adipiscing elit. Quisque faucibus ex sapien vitae pellentesque sem placerat. In id cursus mi pretium tellus duis convallis. Tempus leo eu aenean sed diam urna tempor. Pulvinar vivamus fringilla lacus nec metus bibendum egestas. Iaculis massa nisl malesuada lacinia integer nunc posuere. Ut hendrerit semper vel class aptent taciti sociosqu. Ad litora torquent per conubia nostra inceptos himenaeos.

Lorem ipsum dolor sit amet consectetur adipiscing elit. Quisque faucibus ex sapien vitae pellentesque sem placerat. In id cursus mi pretium tellus duis convallis. Tempus leo eu aenean sed diam urna tempor. Pulvinar vivamus fringilla lacus nec metus bibendum egestas. Iaculis massa nisl malesuada lacinia integer nunc posuere. Ut hendrerit semper vel class aptent taciti sociosqu. Ad litora torquent per conubia nostra inceptos himenaeos.

Lorem ipsum dolor sit amet consectetur adipiscing elit. Quisque faucibus ex sapien vitae pellentesque sem placerat. In id cursus mi pretium tellus duis convallis. Tempus leo eu aenean sed diam urna tempor. Pulvinar vivamu | Status: 400 Bad Request
2025-07-24 06:12:28 - [INFO] Method: POST | Path: /uploads | Boundary: ------------------------EibzuEQ7WyiXr5y7X4SMHe | Body Length: 3895 | Body: --------------------------EibzuEQ7WyiXr5y7X4SMHe
Content-Disposition: form-data; name="file"; filename="lorem1.txt"
Content-Type: text/plain

Lorem ipsum dolor sit amet consectetur adipiscing elit. Quisque faucibus ex sapien vitae pellentesque sem placerat. In id cursus mi pretium tellus duis convallis. Tempus leo eu aenean sed diam urna tempor. Pulvinar vivamus fringilla lacus nec metus bibendum egestas. Iaculis massa nisl malesuada lacinia integer nunc posuere. Ut hendrerit semper vel class aptent taciti sociosqu. Ad litora torquent per conubia nostra inceptos himenaeos.

Lorem ipsum dolor sit amet consectetur adipiscing elit. Quisque faucibus ex sapien vitae pellentesque sem placerat. In id cursus mi pretium tellus duis convallis. Tempus leo eu aenean sed diam urna tempor. Pulvinar vivamus fringilla lacus nec metus bibendum egestas. Iaculis massa nisl malesuada lacinia integer nunc posuere. Ut hendrerit semper vel class aptent taciti sociosqu. Ad litora torquent per conubia nostra inceptos himenaeos.

Lorem ipsum dolor sit amet consectetur adipiscing elit. Quisque faucibus ex sapien vitae pellentesque sem placerat. In id cursus mi pretium tellus duis convallis. Tempus leo eu aenean sed diam urna tempor. Pulvinar vivamus fringilla lacus nec metus bibendum egestas. Iaculis massa nisl malesuada lacinia integer nunc posuere. Ut hendrerit semper vel class aptent taciti sociosqu. Ad litora torquent per conubia nostra inceptos himenaeos.

Lorem ipsum dolor sit amet consectetur adipiscing elit. Quisque faucibus ex sapien vitae pellentesque sem placerat. In id cursus mi pretium tellus duis convallis. Tempus leo eu aenean sed diam urna tempor. Pulvinar vivamus fringilla lacus nec metus bibendum egestas. Iaculis massa nisl malesuada lacinia integer nunc posuere. Ut hendrerit semper vel class aptent taciti sociosqu. Ad litora torquent per conubia nostra inceptos himenaeos.

Lorem ipsum dolor sit amet consectetur adipiscing elit. Quisque faucibus ex sapien vitae pellentesque sem placerat. In id cursus mi pretium tellus duis convallis. Tempus leo eu aenean sed diam urna tempor. Pulvinar vivamus fringilla lacus nec metus bibendum egestas. Iaculis massa nisl malesuada lacinia integer nunc posuere. Ut hendrerit semper vel class aptent taciti sociosqu. Ad litora torquent per conubia nostra inceptos himenaeos.

Lorem ipsum dolor sit amet consectetur adipiscing elit. Quisque faucibus ex sapien vitae pellentesque sem placerat. In id cursus mi pretium tellus duis convallis. Tempus leo eu aenean sed diam urna tempor. Pulvinar vivamus fringilla lacus nec metus bibendum egestas. Iaculis massa nisl malesuada lacinia integer nunc posuere. Ut hendrerit semper vel class aptent taciti sociosqu. Ad litora torquent per conubia nostra inceptos himenaeos.

Lorem ipsum dolor sit amet consectetur adipiscing elit. Quisque faucibus ex sapien vitae pellentesque sem placerat. In id cursus mi pretium tellus duis convallis. Tempus leo eu aenean sed diam urna tempor. Pulvinar vivamus fringilla lacus nec metus bibendum egestas. Iaculis massa nisl malesuada lacinia integer nunc posuere. Ut hendrerit semper vel class aptent taciti sociosqu. Ad litora torquent per conubia nostra inceptos himenaeos.

Lorem ipsum dolor sit amet consectetur adipiscing elit. Quisque faucibus ex sapien vitae pellentesque sem placerat. In id cursus mi pretium tellus duis convallis. Tempus leo eu aenean sed diam urna tempor. Pulvinar vivamus fringilla lacus nec metus bibendum egestas. Iaculis massa nisl malesuada lacinia integer nunc posuere. Ut hendrerit semper vel class aptent taciti sociosqu. Ad litora torquent per conubia nostra inceptos himenaeos.

Lorem ipsum dolor sit amet consectetur adipiscing elit. Quisque faucibus ex sapien vitae pellentesque sem placerat. In id cursus mi pretium tellus duis convallis. Tempus leo eu aenean sed diam urna tempor. Pulvinar vivamu | Status: 400 Bad Request
2025-07-24 06:12:29 - [INFO] Method: POST | Path: /uploads | Boundary: ------------------------7cKs4GUlKU8RUHI23Ahnyv | Body Length: 3895 | Body: --------------------------7cKs4GUlKU8RUHI23Ahnyv
Content-Disposition: form-data; name="file"; filename="lorem1.txt"
Content-Type: text/plain

Lorem ipsum dolor sit amet consectetur adipiscing elit. Quisque faucibus ex sapien vitae pellentesque sem placerat. In id cursus mi pretium tellus duis convallis. Tempus leo eu aenean sed diam urna tempor. Pulvinar vivamus fringilla lacus nec metus bibendum egestas. Iaculis massa nisl malesuada lacinia integer nunc posuere. Ut hendrerit semper vel class aptent taciti sociosqu. Ad litora torquent per conubia nostra inceptos himenaeos.

Lorem ipsum dolor sit amet consectetur adipiscing elit. Quisque faucibus ex sapien vitae pellentesque sem placerat. In id cursus mi pretium tellus duis convallis. Tempus leo eu aenean sed diam urna tempor. Pulvinar vivamus fringilla lacus nec metus bibendum egestas. Iaculis massa nisl malesuada lacinia integer nunc posuere. Ut hendrerit semper vel class aptent taciti sociosqu. Ad litora torquent per conubia nostra inceptos himenaeos.

Lorem ipsum dolor sit amet consectetur adipiscing elit. Quisque faucibus ex sapien vitae pellentesque sem placerat. In id cursus mi pretium tellus duis convallis. Tempus leo eu aenean sed diam urna tempor. Pulvinar vivamus fringilla lacus nec metus bibendum egestas. Iaculis massa nisl malesuada lacinia integer nunc posuere. Ut hendrerit semper vel class aptent taciti sociosqu. Ad litora torquent per conubia nostra inceptos himenaeos.

Lorem ipsum dolor sit amet consectetur adipiscing elit. Quisque faucibus ex sapien vitae pellentesque sem placerat. In id cursus mi pretium tellus duis convallis. Tempus leo eu aenean sed diam urna tempor. Pulvinar vivamus fringilla lacus nec metus bibendum egestas. Iaculis massa nisl malesuada lacinia integer nunc posuere. Ut hendrerit semper vel class aptent taciti sociosqu. Ad litora torquent per conubia nostra inceptos himenaeos.

Lorem ipsum dolor sit amet consectetur adipiscing elit. Quisque faucibus ex sapien vitae pellentesque sem placerat. In id cursus mi pretium tellus duis convallis. Tempus leo eu aenean sed diam urna tempor. Pulvinar vivamus fringilla lacus nec metus bibendum egestas. Iaculis massa nisl malesuada lacinia integer nunc posuere. Ut hendrerit semper vel class aptent taciti sociosqu. Ad litora torquent per conubia nostra inceptos himenaeos.

Lorem ipsum dolor sit amet consectetur adipiscing elit. Quisque faucibus ex sapien vitae pellentesque sem placerat. In id cursus mi pretium tellus duis convallis. Tempus leo eu aenean sed diam urna tempor. Pulvinar vivamus fringilla lacus nec metus bibendum egestas. Iaculis massa nisl malesuada lacinia integer nunc posuere. Ut hendrerit semper vel class aptent taciti sociosqu. Ad litora torquent per conubia nostra inceptos himenaeos.

Lorem ipsum dolor sit amet consectetur adipiscing elit. Quisque faucibus ex sapien vitae pellentesque sem placerat. In id cursus mi pretium tellus duis convallis. Tempus leo eu aenean sed diam urna tempor. Pulvinar vivamus fringilla lacus nec metus bibendum egestas. Iaculis massa nisl malesuada lacinia integer nunc posuere. Ut hendrerit semper vel class aptent taciti sociosqu. Ad litora torquent per conubia nostra inceptos himenaeos.

Lorem ipsum dolor sit amet consectetur adipiscing elit. Quisque faucibus ex sapien vitae pellentesque sem placerat. In id cursus mi pretium tellus duis convallis. Tempus leo eu aenean sed diam urna tempor. Pulvinar vivamus fringilla lacus nec metus bibendum egestas. Iaculis massa nisl malesuada lacinia integer nunc posuere. Ut hendrerit semper vel class aptent taciti sociosqu. Ad litora torquent per conubia nostra inceptos himenaeos.

Lorem ipsum dolor sit amet consectetur adipiscing elit. Quisque faucibus ex sapien vitae pellentesque sem placerat. In id cursus mi pretium tellus duis convallis. Tempus leo eu aenean sed diam urna tempor. Pulvinar vivamu | Status: 400 Bad Request
2025-07-24 06:12:29 - [INFO] Method: POST | Path: /uploads | Boundary: ------------------------VZczCGtChjyXcDhSIdEWUS | Body Length: 3895 | Body: --------------------------VZczCGtChjyXcDhSIdEWUS
Content-Disposition: form-data; name="file"; filename="lorem1.txt"
Content-Type: text/plain

Lorem ipsum dolor sit amet consectetur adipiscing elit. Quisque faucibus ex sapien vitae pellentesque sem placerat. In id cursus mi pretium tellus duis convallis. Tempus leo eu aenean sed diam urna tempor. Pulvinar vivamus fringilla lacus nec metus bibendum egestas. Iaculis massa nisl malesuada lacinia integer nunc posuere. Ut hendrerit semper vel class aptent taciti sociosqu. Ad litora torquent per conubia nostra inceptos himenaeos.

Lorem ipsum dolor sit amet consectetur adipiscing elit. Quisque faucibus ex sapien vitae pellentesque sem placerat. In id cursus mi pretium tellus duis convallis. Tempus leo eu aenean sed diam urna tempor. Pulvinar vivamus fringilla lacus nec metus bibendum egestas. Iaculis massa nisl malesuada lacinia integer nunc posuere. Ut hendrerit semper vel class aptent taciti sociosqu. Ad litora torquent per conubia nostra inceptos himenaeos.

Lorem ipsum dolor sit amet consectetur adipiscing elit. Quisque faucibus ex sapien vitae pellentesque sem placerat. In id cursus mi pretium tellus duis convallis. Tempus leo eu aenean sed diam urna tempor. Pulvinar vivamus fringilla lacus nec metus bibendum egestas. Iaculis massa nisl malesuada lacinia integer nunc posuere. Ut hendrerit semper vel class aptent taciti sociosqu. Ad litora torquent per conubia nostra inceptos himenaeos.

Lorem ipsum dolor sit amet consectetur adipiscing elit. Quisque faucibus ex sapien vitae pellentesque sem placerat. In id cursus mi pretium tellus duis convallis. Tempus leo eu aenean sed diam urna tempor. Pulvinar vivamus fringilla lacus nec metus bibendum egestas. Iaculis massa nisl malesuada lacinia integer nunc posuere. Ut hendrerit semper vel class aptent taciti sociosqu. Ad litora torquent per conubia nostra inceptos himenaeos.

Lorem ipsum dolor sit amet consectetur adipiscing elit. Quisque faucibus ex sapien vitae pellentesque sem placerat. In id cursus mi pretium tellus duis convallis. Tempus leo eu aenean sed diam urna tempor. Pulvinar vivamus fringilla lacus nec metus bibendum egestas. Iaculis massa nisl malesuada lacinia integer nunc posuere. Ut hendrerit semper vel class aptent taciti sociosqu. Ad litora torquent per conubia nostra inceptos himenaeos.

Lorem ipsum dolor sit amet consectetur adipiscing elit. Quisque faucibus ex sapien vitae pellentesque sem placerat. In id cursus mi pretium tellus duis convallis. Tempus leo eu aenean sed diam urna tempor. Pulvinar vivamus fringilla lacus nec metus bibendum egestas. Iaculis massa nisl malesuada lacinia integer nunc posuere. Ut hendrerit semper vel class aptent taciti sociosqu. Ad litora torquent per conubia nostra inceptos himenaeos.

Lorem ipsum dolor sit amet consectetur adipiscing elit. Quisque faucibus ex sapien vitae pellentesque sem placerat. In id cursus mi pretium tellus duis convallis. Tempus leo eu aenean sed diam urna tempor. Pulvinar vivamus fringilla lacus nec metus bibendum egestas. Iaculis massa nisl malesuada lacinia integer nunc posuere. Ut hendrerit semper vel class aptent taciti sociosqu. Ad litora torquent per conubia nostra inceptos himenaeos.

Lorem ipsum dolor sit amet consectetur adipiscing elit. Quisque faucibus ex sapien vitae pellentesque sem placerat. In id cursus mi pretium tellus duis convallis. Tempus leo eu aenean sed diam urna tempor. Pulvinar vivamus fringilla lacus nec metus bibendum egestas. Iaculis massa nisl malesuada lacinia integer nunc posuere. Ut hendrerit semper vel class aptent taciti sociosqu. Ad litora torquent per conubia nostra inceptos himenaeos.

Lorem ipsum dolor sit amet consectetur adipiscing elit. Quisque faucibus ex sapien vitae pellentesque sem placerat. In id cursus mi pretium tellus duis convallis. Tempus leo eu aenean sed diam urna tempor. Pulvinar vivamu | Status: 400 Bad Request
2025-07-24 06:12:30 - [INFO] Method: POST | Path: /uploads | Boundary: ------------------------cnifArjJfhiCMJNPydDdit | Body Length: 3895 | Body: --------------------------cnifArjJfhiCMJNPydDdit
Content-Disposition: form-data; name="file"; filename="lorem1.txt"
Content-Type: text/plain

Lorem ipsum dolor sit amet consectetur adipiscing elit. Quisque faucibus ex sapien vitae pellentesque sem placerat. In id cursus mi pretium tellus duis convallis. Tempus leo eu aenean sed diam urna tempor. Pulvinar vivamus fringilla lacus nec metus bibendum egestas. Iaculis massa nisl malesuada lacinia integer nunc posuere. Ut hendrerit semper vel class aptent taciti sociosqu. Ad litora torquent per conubia nostra inceptos himenaeos.

Lorem ipsum dolor sit amet consectetur adipiscing elit. Quisque faucibus ex sapien vitae pellentesque sem placerat. In id cursus mi pretium tellus duis convallis. Tempus leo eu aenean sed diam urna tempor. Pulvinar vivamus fringilla lacus nec metus bibendum egestas. Iaculis massa nisl malesuada lacinia integer nunc posuere. Ut hendrerit semper vel class aptent taciti sociosqu. Ad litora torquent per conubia nostra inceptos himenaeos.

Lorem ipsum dolor sit amet consectetur adipiscing elit. Quisque faucibus ex sapien vitae pellentesque sem placerat. In id cursus mi pretium tellus duis convallis. Tempus leo eu aenean sed diam urna tempor. Pulvinar vivamus fringilla lacus nec metus bibendum egestas. Iaculis massa nisl malesuada lacinia integer nunc posuere. Ut hendrerit semper vel class aptent taciti sociosqu. Ad litora torquent per conubia nostra inceptos himenaeos.

Lorem ipsum dolor sit amet consectetur adipiscing elit. Quisque faucibus ex sapien vitae pellentesque sem placerat. In id cursus mi pretium tellus duis convallis. Tempus leo eu aenean sed diam urna tempor. Pulvinar vivamus fringilla lacus nec metus bibendum egestas. Iaculis massa nisl malesuada lacinia integer nunc posuere. Ut hendrerit semper vel class aptent taciti sociosqu. Ad litora torquent per conubia nostra inceptos himenaeos.

Lorem ipsum dolor sit amet consectetur adipiscing elit. Quisque faucibus ex sapien vitae pellentesque sem placerat. In id cursus mi pretium tellus duis convallis. Tempus leo eu aenean sed diam urna tempor. Pulvinar vivamus fringilla lacus nec metus bibendum egestas. Iaculis massa nisl malesuada lacinia integer nunc posuere. Ut hendrerit semper vel class aptent taciti sociosqu. Ad litora torquent per conubia nostra inceptos himenaeos.

Lorem ipsum dolor sit amet consectetur adipiscing elit. Quisque faucibus ex sapien vitae pellentesque sem placerat. In id cursus mi pretium tellus duis convallis. Tempus leo eu aenean sed diam urna tempor. Pulvinar vivamus fringilla lacus nec metus bibendum egestas. Iaculis massa nisl malesuada lacinia integer nunc posuere. Ut hendrerit semper vel class aptent taciti sociosqu. Ad litora torquent per conubia nostra inceptos himenaeos.

Lorem ipsum dolor sit amet consectetur adipiscing elit. Quisque faucibus ex sapien vitae pellentesque sem placerat. In id cursus mi pretium tellus duis convallis. Tempus leo eu aenean sed diam urna tempor. Pulvinar vivamus fringilla lacus nec metus bibendum egestas. Iaculis massa nisl malesuada lacinia integer nunc posuere. Ut hendrerit semper vel class aptent taciti sociosqu. Ad litora torquent per conubia nostra inceptos himenaeos.

Lorem ipsum dolor sit amet consectetur adipiscing elit. Quisque faucibus ex sapien vitae pellentesque sem placerat. In id cursus mi pretium tellus duis convallis. Tempus leo eu aenean sed diam urna tempor. Pulvinar vivamus fringilla lacus nec metus bibendum egestas. Iaculis massa nisl malesuada lacinia integer nunc posuere. Ut hendrerit semper vel class aptent taciti sociosqu. Ad litora torquent per conubia nostra inceptos himenaeos.

Lorem ipsum dolor sit amet consectetur adipiscing elit. Quisque faucibus ex sapien vitae pellentesque sem placerat. In id cursus mi pretium tellus duis convallis. Tempus leo eu aenean sed diam urna tempor. Pulvinar vivamu | Status: 400 Bad Request
2025-07-24 06:12:30 - [INFO] Method: POST | Path: /uploads | Boundary: ------------------------pW5Qf0NcdC9ECZOCrBBKE9 | Body Length: 3895 | Body: --------------------------pW5Qf0NcdC9ECZOCrBBKE9
Content-Disposition: form-data; name="file"; filename="lorem1.txt"
Content-Type: text/plain

Lorem ipsum dolor sit amet consectetur adipiscing elit. Quisque faucibus ex sapien vitae pellentesque sem placerat. In id cursus mi pretium tellus duis convallis. Tempus leo eu aenean sed diam urna tempor. Pulvinar vivamus fringilla lacus nec metus bibendum egestas. Iaculis massa nisl malesuada lacinia integer nunc posuere. Ut hendrerit semper vel class aptent taciti sociosqu. Ad litora torquent per conubia nostra inceptos himenaeos.

Lorem ipsum dolor sit amet consectetur adipiscing elit. Quisque faucibus ex sapien vitae pellentesque sem placerat. In id cursus mi pretium tellus duis convallis. Tempus leo eu aenean sed diam urna tempor. Pulvinar vivamus fringilla lacus nec metus bibendum egestas. Iaculis massa nisl malesuada lacinia integer nunc posuere. Ut hendrerit semper vel class aptent taciti sociosqu. Ad litora torquent per conubia nostra inceptos himenaeos.

Lorem ipsum dolor sit amet consectetur adipiscing elit. Quisque faucibus ex sapien vitae pellentesque sem placerat. In id cursus mi pretium tellus duis convallis. Tempus leo eu aenean sed diam urna tempor. Pulvinar vivamus fringilla lacus nec metus bibendum egestas. Iaculis massa nisl malesuada lacinia integer nunc posuere. Ut hendrerit semper vel class aptent taciti sociosqu. Ad litora torquent per conubia nostra inceptos himenaeos.

Lorem ipsum dolor sit amet consectetur adipiscing elit. Quisque faucibus ex sapien vitae pellentesque sem placerat. In id cursus mi pretium tellus duis convallis. Tempus leo eu aenean sed diam urna tempor. Pulvinar vivamus fringilla lacus nec metus bibendum egestas. Iaculis massa nisl malesuada lacinia integer nunc posuere. Ut hendrerit semper vel class aptent taciti sociosqu. Ad litora torquent per conubia nostra inceptos himenaeos.

Lorem ipsum dolor sit amet consectetur adipiscing elit. Quisque faucibus ex sapien vitae pellentesque sem placerat. In id cursus mi pretium tellus duis convallis. Tempus leo eu aenean sed diam urna tempor. Pulvinar vivamus fringilla lacus nec metus bibendum egestas. Iaculis massa nisl malesuada lacinia integer nunc posuere. Ut hendrerit semper vel class aptent taciti sociosqu. Ad litora torquent per conubia nostra inceptos himenaeos.

Lorem ipsum dolor sit amet consectetur adipiscing elit. Quisque faucibus ex sapien vitae pellentesque sem placerat. In id cursus mi pretium tellus duis convallis. Tempus leo eu aenean sed diam urna tempor. Pulvinar vivamus fringilla lacus nec metus bibendum egestas. Iaculis massa nisl malesuada lacinia integer nunc posuere. Ut hendrerit semper vel class aptent taciti sociosqu. Ad litora torquent per conubia nostra inceptos himenaeos.

Lorem ipsum dolor sit amet consectetur adipiscing elit. Quisque faucibus ex sapien vitae pellentesque sem placerat. In id cursus mi pretium tellus duis convallis. Tempus leo eu aenean sed diam urna tempor. Pulvinar vivamus fringilla lacus nec metus bibendum egestas. Iaculis massa nisl malesuada lacinia integer nunc posuere. Ut hendrerit semper vel class aptent taciti sociosqu. Ad litora torquent per conubia nostra inceptos himenaeos.

Lorem ipsum dolor sit amet consectetur adipiscing elit. Quisque faucibus ex sapien vitae pellentesque sem placerat. In id cursus mi pretium tellus duis convallis. Tempus leo eu aenean sed diam urna tempor. Pulvinar vivamus fringilla lacus nec metus bibendum egestas. Iaculis massa nisl malesuada lacinia integer nunc posuere. Ut hendrerit semper vel class aptent taciti sociosqu. Ad litora torquent per conubia nostra inceptos himenaeos.

Lorem ipsum dolor sit amet consectetur adipiscing elit. Quisque faucibus ex sapien vitae pellentesque sem placerat. In id cursus mi pretium tellus duis convallis. Tempus leo eu aenean sed diam urna tempor. Pulvinar vivamu | Status: 400 Bad Request
2025-07-24 06:12:30 - [INFO] Method: POST | Path: /uploads | Boundary: ------------------------lxGc1Z3bIcE7fAfVA3JL6l | Body Length: 3895 | Body: --------------------------lxGc1Z3bIcE7fAfVA3JL6l
Content-Disposition: form-data; name="file"; filename="lorem1.txt"
Content-Type: text/plain

Lorem ipsum dolor sit amet consectetur adipiscing elit. Quisque faucibus ex sapien vitae pellentesque sem placerat. In id cursus mi pretium tellus duis convallis. Tempus leo eu aenean sed diam urna tempor. Pulvinar vivamus fringilla lacus nec metus bibendum egestas. Iaculis massa nisl malesuada lacinia integer nunc posuere. Ut hendrerit semper vel class aptent taciti sociosqu. Ad litora torquent per conubia nostra inceptos himenaeos.

Lorem ipsum dolor sit amet consectetur adipiscing elit. Quisque faucibus ex sapien vitae pellentesque sem placerat. In id cursus mi pretium tellus duis convallis. Tempus leo eu aenean sed diam urna tempor. Pulvinar vivamus fringilla lacus nec metus bibendum egestas. Iaculis massa nisl malesuada lacinia integer nunc posuere. Ut hendrerit semper vel class aptent taciti sociosqu. Ad litora torquent per conubia nostra inceptos himenaeos.

Lorem ipsum dolor sit amet consectetur adipiscing elit. Quisque faucibus ex sapien vitae pellentesque sem placerat. In id cursus mi pretium tellus duis convallis. Tempus leo eu aenean sed diam urna tempor. Pulvinar vivamus fringilla lacus nec metus bibendum egestas. Iaculis massa nisl malesuada lacinia integer nunc posuere. Ut hendrerit semper vel class aptent taciti sociosqu. Ad litora torquent per conubia nostra inceptos himenaeos.

Lorem ipsum dolor sit amet consectetur adipiscing elit. Quisque faucibus ex sapien vitae pellentesque sem placerat. In id cursus mi pretium tellus duis convallis. Tempus leo eu aenean sed diam urna tempor. Pulvinar vivamus fringilla lacus nec metus bibendum egestas. Iaculis massa nisl malesuada lacinia integer nunc posuere. Ut hendrerit semper vel class aptent taciti sociosqu. Ad litora torquent per conubia nostra inceptos himenaeos.

Lorem ipsum dolor sit amet consectetur adipiscing elit. Quisque faucibus ex sapien vitae pellentesque sem placerat. In id cursus mi pretium tellus duis convallis. Tempus leo eu aenean sed diam urna tempor. Pulvinar vivamus fringilla lacus nec metus bibendum egestas. Iaculis massa nisl malesuada lacinia integer nunc posuere. Ut hendrerit semper vel class aptent taciti sociosqu. Ad litora torquent per conubia nostra inceptos himenaeos.

Lorem ipsum dolor sit amet consectetur adipiscing elit. Quisque faucibus ex sapien vitae pellentesque sem placerat. In id cursus mi pretium tellus duis convallis. Tempus leo eu aenean sed diam urna tempor. Pulvinar vivamus fringilla lacus nec metus bibendum egestas. Iaculis massa nisl malesuada lacinia integer nunc posuere. Ut hendrerit semper vel class aptent taciti sociosqu. Ad litora torquent per conubia nostra inceptos himenaeos.

Lorem ipsum dolor sit amet consectetur adipiscing elit. Quisque faucibus ex sapien vitae pellentesque sem placerat. In id cursus mi pretium tellus duis convallis. Tempus leo eu aenean sed diam urna tempor. Pulvinar vivamus fringilla lacus nec metus bibendum egestas. Iaculis massa nisl malesuada lacinia integer nunc posuere. Ut hendrerit semper vel class aptent taciti sociosqu. Ad litora torquent per conubia nostra inceptos himenaeos.

Lorem ipsum dolor sit amet consectetur adipiscing elit. Quisque faucibus ex sapien vitae pellentesque sem placerat. In id cursus mi pretium tellus duis convallis. Tempus leo eu aenean sed diam urna tempor. Pulvinar vivamus fringilla lacus nec metus bibendum egestas. Iaculis massa nisl malesuada lacinia integer nunc posuere. Ut hendrerit semper vel class aptent taciti sociosqu. Ad litora torquent per conubia nostra inceptos himenaeos.

Lorem ipsum dolor sit amet consectetur adipiscing elit. Quisque faucibus ex sapien vitae pellentesque sem placerat. In id cursus mi pretium tellus duis convallis. Tempus leo eu aenean sed diam urna tempor. Pulvinar vivamu | Status: 400 Bad Request
2025-07-24 06:12:31 - [INFO] Method: POST | Path: /uploads | Boundary: ------------------------CNWNnQQYoelC2rgjQ14A19 | Body Length: 3895 | Body: --------------------------CNWNnQQYoelC2rgjQ14A19
Content-Disposition: form-data; name="file"; filename="lorem1.txt"
Content-Type: text/plain

Lorem ipsum dolor sit amet consectetur adipiscing elit. Quisque faucibus ex sapien vitae pellentesque sem placerat. In id cursus mi pretium tellus duis convallis. Tempus leo eu aenean sed diam urna tempor. Pulvinar vivamus fringilla lacus nec metus bibendum egestas. Iaculis massa nisl malesuada lacinia integer nunc posuere. Ut hendrerit semper vel class aptent taciti sociosqu. Ad litora torquent per conubia nostra inceptos himenaeos.

Lorem ipsum dolor sit amet consectetur adipiscing elit. Quisque faucibus ex sapien vitae pellentesque sem placerat. In id cursus mi pretium tellus duis convallis. Tempus leo eu aenean sed diam urna tempor. Pulvinar vivamus fringilla lacus nec metus bibendum egestas. Iaculis massa nisl malesuada lacinia integer nunc posuere. Ut hendrerit semper vel class aptent taciti sociosqu. Ad litora torquent per conubia nostra inceptos himenaeos.

Lorem ipsum dolor sit amet consectetur adipiscing elit. Quisque faucibus ex sapien vitae pellentesque sem placerat. In id cursus mi pretium tellus duis convallis. Tempus leo eu aenean sed diam urna tempor. Pulvinar vivamus fringilla lacus nec metus bibendum egestas. Iaculis massa nisl malesuada lacinia integer nunc posuere. Ut hendrerit semper vel class aptent taciti sociosqu. Ad litora torquent per conubia nostra inceptos himenaeos.

Lorem ipsum dolor sit amet consectetur adipiscing elit. Quisque faucibus ex sapien vitae pellentesque sem placerat. In id cursus mi pretium tellus duis convallis. Tempus leo eu aenean sed diam urna tempor. Pulvinar vivamus fringilla lacus nec metus bibendum egestas. Iaculis massa nisl malesuada lacinia integer nunc posuere. Ut hendrerit semper vel class aptent taciti sociosqu. Ad litora torquent per conubia nostra inceptos himenaeos.

Lorem ipsum dolor sit amet consectetur adipiscing elit. Quisque faucibus ex sapien vitae pellentesque sem placerat. In id cursus mi pretium tellus duis convallis. Tempus leo eu aenean sed diam urna tempor. Pulvinar vivamus fringilla lacus nec metus bibendum egestas. Iaculis massa nisl malesuada lacinia integer nunc posuere. Ut hendrerit semper vel class aptent taciti sociosqu. Ad litora torquent per conubia nostra inceptos himenaeos.

Lorem ipsum dolor sit amet consectetur adipiscing elit. Quisque faucibus ex sapien vitae pellentesque sem placerat. In id cursus mi pretium tellus duis convallis. Tempus leo eu aenean sed diam urna tempor. Pulvinar vivamus fringilla lacus nec metus bibendum egestas. Iaculis massa nisl malesuada lacinia integer nunc posuere. Ut hendrerit semper vel class aptent taciti sociosqu. Ad litora torquent per conubia nostra inceptos himenaeos.

Lorem ipsum dolor sit amet consectetur adipiscing elit. Quisque faucibus ex sapien vitae pellentesque sem placerat. In id cursus mi pretium tellus duis convallis. Tempus leo eu aenean sed diam urna tempor. Pulvinar vivamus fringilla lacus nec metus bibendum egestas. Iaculis massa nisl malesuada lacinia integer nunc posuere. Ut hendrerit semper vel class aptent taciti sociosqu. Ad litora torquent per conubia nostra inceptos himenaeos.

Lorem ipsum dolor sit amet consectetur adipiscing elit. Quisque faucibus ex sapien vitae pellentesque sem placerat. In id cursus mi pretium tellus duis convallis. Tempus leo eu aenean sed diam urna tempor. Pulvinar vivamus fringilla lacus nec metus bibendum egestas. Iaculis massa nisl malesuada lacinia integer nunc posuere. Ut hendrerit semper vel class aptent taciti sociosqu. Ad litora torquent per conubia nostra inceptos himenaeos.

Lorem ipsum dolor sit amet consectetur adipiscing elit. Quisque faucibus ex sapien vitae pellentesque sem placerat. In id cursus mi pretium tellus duis convallis. Tempus leo eu aenean sed diam urna tempor. Pulvinar vivamu | Status: 400 Bad Request
2025-07-24 06:12:31 - [INFO] Method: POST | Path: /uploads | Boundary: ------------------------MWxrdsvDuF0hOrVl6QEazu | Body Length: 3895 | Body: --------------------------MWxrdsvDuF0hOrVl6QEazu
Content-Disposition: form-data; name="file"; filename="lorem1.txt"
Content-Type: text/plain

Lorem ipsum dolor sit amet consectetur adipiscing elit. Quisque faucibus ex sapien vitae pellentesque sem placerat. In id cursus mi pretium tellus duis convallis. Tempus leo eu aenean sed diam urna tempor. Pulvinar vivamus fringilla lacus nec metus bibendum egestas. Iaculis massa nisl malesuada lacinia integer nunc posuere. Ut hendrerit semper vel class aptent taciti sociosqu. Ad litora torquent per conubia nostra inceptos himenaeos.

Lorem ipsum dolor sit amet consectetur adipiscing elit. Quisque faucibus ex sapien vitae pellentesque sem placerat. In id cursus mi pretium tellus duis convallis. Tempus leo eu aenean sed diam urna tempor. Pulvinar vivamus fringilla lacus nec metus bibendum egestas. Iaculis massa nisl malesuada lacinia integer nunc posuere. Ut hendrerit semper vel class aptent taciti sociosqu. Ad litora torquent per conubia nostra inceptos himenaeos.

Lorem ipsum dolor sit amet consectetur adipiscing elit. Quisque faucibus ex sapien vitae pellentesque sem placerat. In id cursus mi pretium tellus duis convallis. Tempus leo eu aenean sed diam urna tempor. Pulvinar vivamus fringilla lacus nec metus bibendum egestas. Iaculis massa nisl malesuada lacinia integer nunc posuere. Ut hendrerit semper vel class aptent taciti sociosqu. Ad litora torquent per conubia nostra inceptos himenaeos.

Lorem ipsum dolor sit amet consectetur adipiscing elit. Quisque faucibus ex sapien vitae pellentesque sem placerat. In id cursus mi pretium tellus duis convallis. Tempus leo eu aenean sed diam urna tempor. Pulvinar vivamus fringilla lacus nec metus bibendum egestas. Iaculis massa nisl malesuada lacinia integer nunc posuere. Ut hendrerit semper vel class aptent taciti sociosqu. Ad litora torquent per conubia nostra inceptos himenaeos.

Lorem ipsum dolor sit amet consectetur adipiscing elit. Quisque faucibus ex sapien vitae pellentesque sem placerat. In id cursus mi pretium tellus duis convallis. Tempus leo eu aenean sed diam urna tempor. Pulvinar vivamus fringilla lacus nec metus bibendum egestas. Iaculis massa nisl malesuada lacinia integer nunc posuere. Ut hendrerit semper vel class aptent taciti sociosqu. Ad litora torquent per conubia nostra inceptos himenaeos.

Lorem ipsum dolor sit amet consectetur adipiscing elit. Quisque faucibus ex sapien vitae pellentesque sem placerat. In id cursus mi pretium tellus duis convallis. Tempus leo eu aenean sed diam urna tempor. Pulvinar vivamus fringilla lacus nec metus bibendum egestas. Iaculis massa nisl malesuada lacinia integer nunc posuere. Ut hendrerit semper vel class aptent taciti sociosqu. Ad litora torquent per conubia nostra inceptos himenaeos.

Lorem ipsum dolor sit amet consectetur adipiscing elit. Quisque faucibus ex sapien vitae pellentesque sem placerat. In id cursus mi pretium tellus duis convallis. Tempus leo eu aenean sed diam urna tempor. Pulvinar vivamus fringilla lacus nec metus bibendum egestas. Iaculis massa nisl malesuada lacinia integer nunc posuere. Ut hendrerit semper vel class aptent taciti sociosqu. Ad litora torquent per conubia nostra inceptos himenaeos.

Lorem ipsum dolor sit amet consectetur adipiscing elit. Quisque faucibus ex sapien vitae pellentesque sem placerat. In id cursus mi pretium tellus duis convallis. Tempus leo eu aenean sed diam urna tempor. Pulvinar vivamus fringilla lacus nec metus bibendum egestas. Iaculis massa nisl malesuada lacinia integer nunc posuere. Ut hendrerit semper vel class aptent taciti sociosqu. Ad litora torquent per conubia nostra inceptos himenaeos.

Lorem ipsum dolor sit amet consectetur adipiscing elit. Quisque faucibus ex sapien vitae pellentesque sem placerat. In id cursus mi pretium tellus duis convallis. Tempus leo eu aenean sed diam urna tempor. Pulvinar vivamu | Status: 400 Bad Request
2025-07-24 06:12:32 - [INFO] Method: POST | Path: /uploads | Boundary: ------------------------xt7HC8Po9Y9f62AjvziF5m | Body Length: 3895 | Body: --------------------------xt7HC8Po9Y9f62AjvziF5m
Content-Disposition: form-data; name="file"; filename="lorem1.txt"
Content-Type: text/plain

Lorem ipsum dolor sit amet consectetur adipiscing elit. Quisque faucibus ex sapien vitae pellentesque sem placerat. In id cursus mi pretium tellus duis convallis. Tempus leo eu aenean sed diam urna tempor. Pulvinar vivamus fringilla lacus nec metus bibendum egestas. Iaculis massa nisl malesuada lacinia integer nunc posuere. Ut hendrerit semper vel class aptent taciti sociosqu. Ad litora torquent per conubia nostra inceptos himenaeos.

Lorem ipsum dolor sit amet consectetur adipiscing elit. Quisque faucibus ex sapien vitae pellentesque sem placerat. In id cursus mi pretium tellus duis convallis. Tempus leo eu aenean sed diam urna tempor. Pulvinar vivamus fringilla lacus nec metus bibendum egestas. Iaculis massa nisl malesuada lacinia integer nunc posuere. Ut hendrerit semper vel class aptent taciti sociosqu. Ad litora torquent per conubia nostra inceptos himenaeos.

Lorem ipsum dolor sit amet consectetur adipiscing elit. Quisque faucibus ex sapien vitae pellentesque sem placerat. In id cursus mi pretium tellus duis convallis. Tempus leo eu aenean sed diam urna tempor. Pulvinar vivamus fringilla lacus nec metus bibendum egestas. Iaculis massa nisl malesuada lacinia integer nunc posuere. Ut hendrerit semper vel class aptent taciti sociosqu. Ad litora torquent per conubia nostra inceptos himenaeos.

Lorem ipsum dolor sit amet consectetur adipiscing elit. Quisque faucibus ex sapien vitae pellentesque sem placerat. In id cursus mi pretium tellus duis convallis. Tempus leo eu aenean sed diam urna tempor. Pulvinar vivamus fringilla lacus nec metus bibendum egestas. Iaculis massa nisl malesuada lacinia integer nunc posuere. Ut hendrerit semper vel class aptent taciti sociosqu. Ad litora torquent per conubia nostra inceptos himenaeos.

Lorem ipsum dolor sit amet consectetur adipiscing elit. Quisque faucibus ex sapien vitae pellentesque sem placerat. In id cursus mi pretium tellus duis convallis. Tempus leo eu aenean sed diam urna tempor. Pulvinar vivamus fringilla lacus nec metus bibendum egestas. Iaculis massa nisl malesuada lacinia integer nunc posuere. Ut hendrerit semper vel class aptent taciti sociosqu. Ad litora torquent per conubia nostra inceptos himenaeos.

Lorem ipsum dolor sit amet consectetur adipiscing elit. Quisque faucibus ex sapien vitae pellentesque sem placerat. In id cursus mi pretium tellus duis convallis. Tempus leo eu aenean sed diam urna tempor. Pulvinar vivamus fringilla lacus nec metus bibendum egestas. Iaculis massa nisl malesuada lacinia integer nunc posuere. Ut hendrerit semper vel class aptent taciti sociosqu. Ad litora torquent per conubia nostra inceptos himenaeos.

Lorem ipsum dolor sit amet consectetur adipiscing elit. Quisque faucibus ex sapien vitae pellentesque sem placerat. In id cursus mi pretium tellus duis convallis. Tempus leo eu aenean sed diam urna tempor. Pulvinar vivamus fringilla lacus nec metus bibendum egestas. Iaculis massa nisl malesuada lacinia integer nunc posuere. Ut hendrerit semper vel class aptent taciti sociosqu. Ad litora torquent per conubia nostra inceptos himenaeos.

Lorem ipsum dolor sit amet consectetur adipiscing elit. Quisque faucibus ex sapien vitae pellentesque sem placerat. In id cursus mi pretium tellus duis convallis. Tempus leo eu aenean sed diam urna tempor. Pulvinar vivamus fringilla lacus nec metus bibendum egestas. Iaculis massa nisl malesuada lacinia integer nunc posuere. Ut hendrerit semper vel class aptent taciti sociosqu. Ad litora torquent per conubia nostra inceptos himenaeos.

Lorem ipsum dolor sit amet consectetur adipiscing elit. Quisque faucibus ex sapien vitae pellentesque sem placerat. In id cursus mi pretium tellus duis convallis. Tempus leo eu aenean sed diam urna tempor. Pulvinar vivamu | Status: 400 Bad Request
2025-07-24 06:12:54 - [INFO] Method: POST | Path: /uploads | Boundary: ----WebKitFormBoundaryPDh0X1iu7tzbtPxJ | Body Length: 0 | Status: 400 Bad Request
2025-07-24 06:12:57 - [INFO] Method: POST | Path: /uploads | Boundary: ----WebKitFormBoundaryPDh0X1iu7tzbtPxJ | Body Length: 1948 | Body: ------WebKitFormBoundaryPDh0X1iu7tzbtPxJ
Content-Disposition: form-data; name="file"; filename="lorem1.txt"
Content-Type: text/plain

Lorem ipsum dolor sit amet consectetur adipiscing elit. Quisque faucibus ex sapien vitae pellentesque sem placerat. In id cursus mi pretium tellus duis convallis. Tempus leo eu aenean sed diam urna tempor. Pulvinar vivamus fringilla lacus nec metus bibendum egestas. Iaculis massa nisl malesuada lacinia integer nunc posuere. Ut hendrerit semper vel class aptent taciti sociosqu. Ad litora torquent per conubia nostra inceptos himenaeos.

Lorem ipsum dolor sit amet consectetur adipiscing elit. Quisque faucibus ex sapien vitae pellentesque sem placerat. In id cursus mi pretium tellus duis convallis. Tempus leo eu aenean sed diam urna tempor. Pulvinar vivamus fringilla lacus nec metus bibendum egestas. Iaculis massa nisl malesuada lacinia integer nunc posuere. Ut hendrerit semper vel class aptent taciti sociosqu. Ad litora torquent per conubia nostra inceptos himenaeos.

Lorem ipsum dolor sit amet consectetur adipiscing elit. Quisque faucibus ex sapien vitae pellentesque sem placerat. In id cursus mi pretium tellus duis convallis. Tempus leo eu aenean sed diam urna tempor. Pulvinar vivamus fringilla lacus nec metus bibendum egestas. Iaculis massa nisl malesuada lacinia integer nunc posuere. Ut hendrerit semper vel class aptent taciti sociosqu. Ad litora torquent per conubia nostra inceptos himenaeos.

Lorem ipsum dolor sit amet consectetur adipiscing elit. Quisque faucibus ex sapien vitae pellentesque sem placerat. In id cursus mi pretium tellus duis convallis. Tempus leo eu aenean sed diam urna tempor. Pulvinar vivamus fringilla lacus nec metus bibendum egestas. Iaculis massa nisl malesuada lacinia integer nunc posuere. Ut hendrerit semper vel class aptent taciti sociosqu. Ad litora torquent per conubia nostra inceptos himenaeos.


------WebKitFormBoundaryPDh0X1iu7tzbtPxJ--
 | Status: 200 OK
2025-07-24 06:28:41 - [INFO] Method: GET | Path: /index.html | Status: 200 OK
2025-07-24 06:28:45 - [INFO] Method: GET | Path: /index.html | Status: 200 OK
2025-07-24 06:28:55 - [INFO] Method: POST | Path: /uploads | Boundary: ----WebKitFormBoundary4PApv9cTq5DB2nEZ | Body Length: 0 | Status: 400 Bad Request
2025-07-24 06:28:59 - [INFO] Method: POST | Path: /uploads | Boundary: ----WebKitFormBoundarymj66gVtG6hXngRcQ | Body Length: 1948 | Body: ------WebKitFormBoundarymj66gVtG6hXngRcQ
Content-Disposition: form-data; name="file"; filename="lorem1.txt"
Content-Type: text/plain

Lorem ipsum dolor sit amet consectetur adipiscing elit. Quisque faucibus ex sapien vitae pellentesque sem placerat. In id cursus mi pretium tellus duis convallis. Tempus leo eu aenean sed diam urna tempor. Pulvinar vivamus fringilla lacus nec metus bibendum egestas. Iaculis massa nisl malesuada lacinia integer nunc posuere. Ut hendrerit semper vel class aptent taciti sociosqu. Ad litora torquent per conubia nostra inceptos himenaeos.

Lorem ipsum dolor sit amet consectetur adipiscing elit. Quisque faucibus ex sapien vitae pellentesque sem placerat. In id cursus mi pretium tellus duis convallis. Tempus leo eu aenean sed diam urna tempor. Pulvinar vivamus fringilla lacus nec metus bibendum egestas. Iaculis massa nisl malesuada lacinia integer nunc posuere. Ut hendrerit semper vel class aptent taciti sociosqu. Ad litora torquent per conubia nostra inceptos himenaeos.

Lorem ipsum dolor sit amet consectetur adipiscing elit. Quisque faucibus ex sapien vitae pellentesque sem placerat. In id cursus mi pretium tellus duis convallis. Tempus leo eu aenean sed diam urna tempor. Pulvinar vivamus fringilla lacus nec metus bibendum egestas. Iaculis massa nisl malesuada lacinia integer nunc posuere. Ut hendrerit semper vel class aptent taciti sociosqu. Ad litora torquent per conubia nostra inceptos himenaeos.

Lorem ipsum dolor sit amet consectetur adipiscing elit. Quisque faucibus ex sapien vitae pellentesque sem placerat. In id cursus mi pretium tellus duis convallis. Tempus leo eu aenean sed diam urna tempor. Pulvinar vivamus fringilla lacus nec metus bibendum egestas. Iaculis massa nisl malesuada lacinia integer nunc posuere. Ut hendrerit semper vel class aptent taciti sociosqu. Ad litora torquent per conubia nostra inceptos himenaeos.


------WebKitFormBoundarymj66gVtG6hXngRcQ--
 | Status: 200 OK
2025-07-24 06:30:17 - [INFO] Method: POST | Path: /uploads | Boundary: ----WebKitFormBoundaryQlRuOhhPjjvBiXRD | Body Length: 141 | Body: ------WebKitFormBoundaryQlRuOhhPjjvBiXRD
Content-Disposition: form-data; name="file"; filename="demo.jpeg"
Content-Type: image/jpeg

ÿØÿà | Status: 400 Bad Request
2025-07-24 06:30:18 - [INFO] Method: POST | Path: /uploads | Boundary: ----WebKitFormBoundaryQlRuOhhPjjvBiXRD | Body Length: 141 | Body: ------WebKitFormBoundaryQlRuOhhPjjvBiXRD
Content-Disposition: form-data; name="file"; filename="demo.jpeg"
Content-Type: image/jpeg

ÿØÿà | Status: 400 Bad Request
2025-07-24 06:30:19 - [INFO] Method: POST | Path: /uploads | Boundary: ----WebKitFormBoundaryQlRuOhhPjjvBiXRD | Body Length: 141 | Body: ------WebKitFormBoundaryQlRuOhhPjjvBiXRD
Content-Disposition: form-data; name="file"; filename="demo.jpeg"
Content-Type: image/jpeg

ÿØÿà | Status: 400 Bad Request
2025-07-24 06:30:20 - [INFO] Method: POST | Path: /uploads | Boundary: ----WebKitFormBoundaryQlRuOhhPjjvBiXRD | Body Length: 141 | Body: ------WebKitFormBoundaryQlRuOhhPjjvBiXRD
Content-Disposition: form-data; name="file"; filename="demo.jpeg"
Content-Type: image/jpeg

ÿØÿà | Status: 400 Bad Request
2025-07-24 06:30:22 - [INFO] Method: POST | Path: /uploads | Boundary: ----WebKitFormBoundaryQlRuOhhPjjvBiXRD | Body Length: 141 | Body: ------WebKitFormBoundaryQlRuOhhPjjvBiXRD
Content-Disposition: form-data; name="file"; filename="demo.jpeg"
Content-Type: image/jpeg

ÿØÿà | Status: 400 Bad Request
2025-07-24 06:30:23 - [INFO] Method: POST | Path: /uploads | Boundary: ----WebKitFormBoundaryQlRuOhhPjjvBiXRD | Body Length: 141 | Body: ------WebKitFormBoundaryQlRuOhhPjjvBiXRD
Content-Disposition: form-data; name="file"; filename="demo.jpeg"
Content-Type: image/jpeg

ÿØÿà | Status: 400 Bad Request
2025-07-24 06:30:24 - [INFO] Method: POST | Path: /uploads | Boundary: ----WebKitFormBoundaryQlRuOhhPjjvBiXRD | Body Length: 141 | Body: ------WebKitFormBoundaryQlRuOhhPjjvBiXRD
Content-Disposition: form-data; name="file"; filename="demo.jpeg"
Content-Type: image/jpeg

ÿØÿà | Status: 400 Bad Request
2025-07-24 06:30:25 - [INFO] Method: POST | Path: /uploads | Boundary: ----WebKitFormBoundaryQlRuOhhPjjvBiXRD | Body Length: 141 | Body: ------WebKitFormBoundaryQlRuOhhPjjvBiXRD
Content-Disposition: form-data; name="file"; filename="demo.jpeg"
Content-Type: image/jpeg

ÿØÿà | Status: 400 Bad Request
2025-07-24 06:30:26 - [INFO] Method: POST | Path: /uploads | Boundary: ----WebKitFormBoundaryQlRuOhhPjjvBiXRD | Body Length: 141 | Body: ------WebKitFormBoundaryQlRuOhhPjjvBiXRD
Content-Disposition: form-data; name="file"; filename="demo.jpeg"
Content-Type: image/jpeg

ÿØÿà | Status: 400 Bad Request
2025-07-24 06:30:27 - [INFO] Method: POST | Path: /uploads | Boundary: ----WebKitFormBoundaryQlRuOhhPjjvBiXRD | Body Length: 141 | Body: ------WebKitFormBoundaryQlRuOhhPjjvBiXRD
Content-Disposition: form-data; name="file"; filename="demo.jpeg"
Content-Type: image/jpeg

ÿØÿà | Status: 400 Bad Request
2025-07-24 06:30:28 - [INFO] Method: POST | Path: /uploads | Boundary: ----WebKitFormBoundaryQlRuOhhPjjvBiXRD | Body Length: 141 | Body: ------WebKitFormBoundaryQlRuOhhPjjvBiXRD
Content-Disposition: form-data; name="file"; filename="demo.jpeg"
Content-Type: image/jpeg

ÿØÿà | Status: 400 Bad Request
2025-07-24 06:31:51 - [INFO] Method: POST | Path: /uploads | Boundary: ----WebKitFormBoundarywAXlH9dQL1eiBNH7 | Body Length: 0 | Status: 400 Bad Request
2025-07-24 06:31:55 - [INFO] Method: POST | Path: /uploads | Boundary: ----WebKitFormBoundarywAXlH9dQL1eiBNH7 | Body Length: 0 | Status: 400 Bad Request
2025-07-24 06:31:58 - [INFO] Method: POST | Path: /uploads | Boundary: ----WebKitFormBoundarywAXlH9dQL1eiBNH7 | Body Length: 0 | Status: 400 Bad Request
2025-07-24 06:32:07 - [INFO] Method: POST | Path: /uploads | Boundary: ------------------------NVy5ffMjsAqj01LLo0cVsf | Body Length: 549 | Body: --------------------------NVy5ffMjsAqj01LLo0cVsf
Content-Disposition: form-data; name="file"; filename="1.txt"
Content-Type: text/plain

aaadjaljflsdajflsdhfbsdsdcksdbcjaaadjaljflsdajflsdhfbsdsdcksdbcjaaadjaljflsdajflsdhfbsdsdcksdbcjaaadjaljflsdajflsdhfbsdsdcksdbcjaaadjaljflsdajflsdhfbsdsdcksdbcjaaadjaljflsdajflsdhfbsdsdcksdbcjaaadjaljflsdajflsdhfbsdsdcksdbcjaaadjaljflsdajflsdhfbsdsdcksdbcj
aaadjaljflsdajflsdhfbsdsdcksdbcjaaadjaljflsdajflsdhfbsdsdcksdbcjaaadjaljflsdajflsdhfbsdsdcksdbcj
--------------------------NVy5ffMjsAqj01LLo0cVsf--
 | Status: 200 OK
2025-07-24 06:48:13 - [INFO] Method: POST | Path: /uploads | Boundary: ------------------------A67yWAlbC48yXNi4eo8oaJ | Body Length: 549 | Body: --------------------------A67yWAlbC48yXNi4eo8oaJ
Content-Disposition: form-data; name="file"; filename="1.txt"
Content-Type: text/plain

aaadjaljflsdajflsdhfbsdsdcksdbcjaaadjaljflsdajflsdhfbsdsdcksdbcjaaadjaljflsdajflsdhfbsdsdcksdbcjaaadjaljflsdajflsdhfbsdsdcksdbcjaaadjaljflsdajflsdhfbsdsdcksdbcjaaadjaljflsdajflsdhfbsdsdcksdbcjaaadjaljflsdajflsdhfbsdsdcksdbcjaaadjaljflsdajflsdhfbsdsdcksdbcj
aaadjaljflsdajflsdhfbsdsdcksdbcjaaadjaljflsdajflsdhfbsdsdcksdbcjaaadjaljflsdajflsdhfbsdsdcksdbcj
--------------------------A67yWAlbC48yXNi4eo8oaJ--
 | Status: 200 OK
2025-07-24 06:48:19 - [INFO] Method: POST | Path: /uploads | Boundary: ------------------------77L1RhzVdq8Ehoxm9803hc | Body Length: 198 | Body: --------------------------77L1RhzVdq8Ehoxm9803hc
Content-Disposition: form-data; name="file"; filename="3.txt"
Content-Type: text/plain

bbb
--------------------------77L1RhzVdq8Ehoxm9803hc--
 | Status: 200 OK
2025-07-24 07:12:24 - [INFO] Method: POST | Path: /uploads | Boundary: ------------------------7ZW5YPq51rGl6pm3YEvymJ | Body Length: 198 | Body: --------------------------7ZW5YPq51rGl6pm3YEvymJ
Content-Disposition: form-data; name="file"; filename="3.txt"
Content-Type: text/plain

bbb
--------------------------7ZW5YPq51rGl6pm3YEvymJ--
 | Status: 200 OK
2025-07-24 07:12:50 - [INFO] Method: POST | Path: /uploads | Boundary: ------------------------JQCNi3Sg8P0lNM5BmEDPPg | Body Length: 233 | Body: --------------------------JQCNi3Sg8P0lNM5BmEDPPg
Content-Disposition: form-data; name="file"; filename="4.txt"
Content-Type: text/plain

lshfjsfgsgycywgegugwusvbnwewehevdsdsd

--------------------------JQCNi3Sg8P0lNM5BmEDPPg--
 | Status: 200 OK
